mode: set
wa/feature/message/usecase/logic.go:15.78,20.2 1 1
wa/feature/message/usecase/logic.go:22.97,26.17 2 1
wa/feature/message/usecase/logic.go:29.2,29.17 1 1
wa/feature/message/usecase/logic.go:26.17,28.3 1 1
wa/feature/message/usecase/logic.go:32.63,35.10 2 1
wa/feature/message/usecase/logic.go:39.2,39.18 1 1
wa/feature/message/usecase/logic.go:35.10,37.3 1 1
wa/feature/user/usecase/logic.go:19.72,24.2 1 1
wa/feature/user/usecase/logic.go:26.74,29.16 3 1
wa/feature/user/usecase/logic.go:33.2,34.16 2 1
wa/feature/user/usecase/logic.go:38.2,41.16 3 1
wa/feature/user/usecase/logic.go:45.2,45.22 1 1
wa/feature/user/usecase/logic.go:48.2,48.22 1 1
wa/feature/user/usecase/logic.go:29.16,32.3 2 1
wa/feature/user/usecase/logic.go:34.16,37.3 2 0
wa/feature/user/usecase/logic.go:41.16,44.3 2 0
wa/feature/user/usecase/logic.go:45.22,47.3 1 0
wa/feature/user/usecase/logic.go:50.91,52.14 1 1
wa/feature/user/usecase/logic.go:55.2,57.16 2 1
wa/feature/user/usecase/logic.go:61.2,64.20 3 1
wa/feature/user/usecase/logic.go:67.2,67.20 1 1
wa/feature/user/usecase/logic.go:52.14,54.3 1 0
wa/feature/user/usecase/logic.go:57.16,60.3 2 0
wa/feature/user/usecase/logic.go:64.20,66.3 1 0
wa/feature/user/usecase/logic.go:70.101,74.2 2 1
wa/feature/user/usecase/logic.go:76.64,79.16 2 0
wa/feature/user/usecase/logic.go:87.2,87.18 1 0
wa/feature/user/usecase/logic.go:79.16,80.36 1 0
wa/feature/user/usecase/logic.go:80.36,82.4 1 0
wa/feature/user/usecase/logic.go:82.9,84.4 1 0
wa/feature/user/usecase/logic.go:90.64,92.16 2 1
wa/feature/user/usecase/logic.go:100.2,100.17 1 1
wa/feature/user/usecase/logic.go:92.16,94.36 2 0
wa/feature/user/usecase/logic.go:94.36,96.4 1 0
wa/feature/user/usecase/logic.go:96.9,98.4 1 0
